22-Mar-2026 19:05:17.070 INFO [main] org.apache.catalina.startup.VersionLoggerListener.log Server version name:   Apache Tomcat/10.1.18
22-Mar-2026 19:05:17.127 INFO [main] org.apache.catalina.startup.VersionLoggerListener.log Server built:          Jan 5 2024 14:39:40 UTC
22-Mar-2026 19:05:17.127 INFO [main] org.apache.catalina.startup.VersionLoggerListener.log Server version number: 10.1.18.0
22-Mar-2026 19:05:17.127 INFO [main] org.apache.catalina.startup.VersionLoggerListener.log OS Name:               Linux
22-Mar-2026 19:05:17.128 INFO [main] org.apache.catalina.startup.VersionLoggerListener.log OS Version:            6.8.0-1044-azure
22-Mar-2026 19:05:17.129 INFO [main] org.apache.catalina.startup.VersionLoggerListener.log Architecture:          amd64
22-Mar-2026 19:05:17.129 INFO [main] org.apache.catalina.startup.VersionLoggerListener.log Java Home:             /usr/local/sdkman/candidates/java/25.0.1-ms
22-Mar-2026 19:05:17.129 INFO [main] org.apache.catalina.startup.VersionLoggerListener.log JVM Version:           25.0.1+8-LTS
22-Mar-2026 19:05:17.130 INFO [main] org.apache.catalina.startup.VersionLoggerListener.log JVM Vendor:            Microsoft
22-Mar-2026 19:05:17.130 INFO [main] org.apache.catalina.startup.VersionLoggerListener.log CATALINA_BASE:         /workspaces/session/apache-tomcat-10.1.18
22-Mar-2026 19:05:17.130 INFO [main] org.apache.catalina.startup.VersionLoggerListener.log CATALINA_HOME:         /workspaces/session/apache-tomcat-10.1.18
22-Mar-2026 19:05:17.206 INFO [main] org.apache.catalina.startup.VersionLoggerListener.log Command line argument: -Djava.util.logging.config.file=/workspaces/session/apache-tomcat-10.1.18/conf/logging.properties
22-Mar-2026 19:05:17.206 INFO [main] org.apache.catalina.startup.VersionLoggerListener.log Command line argument: -Djava.util.logging.manager=org.apache.juli.ClassLoaderLogManager
22-Mar-2026 19:05:17.206 INFO [main] org.apache.catalina.startup.VersionLoggerListener.log Command line argument: -Djdk.tls.ephemeralDHKeySize=2048
22-Mar-2026 19:05:17.206 INFO [main] org.apache.catalina.startup.VersionLoggerListener.log Command line argument: -Djava.protocol.handler.pkgs=org.apache.catalina.webresources
22-Mar-2026 19:05:17.206 INFO [main] org.apache.catalina.startup.VersionLoggerListener.log Command line argument: -Dorg.apache.catalina.security.SecurityListener.UMASK=0027
22-Mar-2026 19:05:17.206 INFO [main] org.apache.catalina.startup.VersionLoggerListener.log Command line argument: --add-opens=java.base/java.lang=ALL-UNNAMED
22-Mar-2026 19:05:17.206 INFO [main] org.apache.catalina.startup.VersionLoggerListener.log Command line argument: --add-opens=java.base/java.io=ALL-UNNAMED
22-Mar-2026 19:05:17.207 INFO [main] org.apache.catalina.startup.VersionLoggerListener.log Command line argument: --add-opens=java.base/java.util=ALL-UNNAMED
22-Mar-2026 19:05:17.207 INFO [main] org.apache.catalina.startup.VersionLoggerListener.log Command line argument: --add-opens=java.base/java.util.concurrent=ALL-UNNAMED
22-Mar-2026 19:05:17.207 INFO [main] org.apache.catalina.startup.VersionLoggerListener.log Command line argument: --add-opens=java.rmi/sun.rmi.transport=ALL-UNNAMED
22-Mar-2026 19:05:17.207 INFO [main] org.apache.catalina.startup.VersionLoggerListener.log Command line argument: -Dcatalina.base=/workspaces/session/apache-tomcat-10.1.18
22-Mar-2026 19:05:17.207 INFO [main] org.apache.catalina.startup.VersionLoggerListener.log Command line argument: -Dcatalina.home=/workspaces/session/apache-tomcat-10.1.18
22-Mar-2026 19:05:17.207 INFO [main] org.apache.catalina.startup.VersionLoggerListener.log Command line argument: -Djava.io.tmpdir=/workspaces/session/apache-tomcat-10.1.18/temp
WARNING: A restricted method in java.lang.System has been called
WARNING: java.lang.System::load has been called by org.apache.tomcat.jni.Library in an unnamed module (file:/workspaces/session/apache-tomcat-10.1.18/lib/tomcat-jni.jar)
WARNING: Use --enable-native-access=ALL-UNNAMED to avoid a warning for callers in this module
WARNING: Restricted methods will be blocked in a future release unless native access is enabled

22-Mar-2026 19:05:17.216 INFO [main] org.apache.catalina.core.AprLifecycleListener.lifecycleEvent The Apache Tomcat Native library which allows using OpenSSL was not found on the java.library.path: [/usr/java/packages/lib:/usr/lib64:/lib64:/lib:/usr/lib]
22-Mar-2026 19:05:17.922 INFO [main] org.apache.coyote.AbstractProtocol.init Initializing ProtocolHandler ["http-nio-8080"]
22-Mar-2026 19:05:17.966 INFO [main] org.apache.catalina.startup.Catalina.load Server initialization in [2340] milliseconds
22-Mar-2026 19:05:18.014 INFO [main] org.apache.catalina.core.StandardService.startInternal Starting service [Catalina]
22-Mar-2026 19:05:18.015 INFO [main] org.apache.catalina.core.StandardEngine.startInternal Starting Servlet engine: [Apache Tomcat/10.1.18]
22-Mar-2026 19:05:18.023 INFO [main] org.apache.catalina.startup.HostConfig.deployDirectory Deploying web application directory [/workspaces/session/apache-tomcat-10.1.18/webapps/docs]
22-Mar-2026 19:05:18.842 INFO [main] org.apache.catalina.startup.HostConfig.deployDirectory Deployment of web application directory [/workspaces/session/apache-tomcat-10.1.18/webapps/docs] has finished in [812] ms
22-Mar-2026 19:05:18.843 INFO [main] org.apache.catalina.startup.HostConfig.deployDirectory Deploying web application directory [/workspaces/session/apache-tomcat-10.1.18/webapps/examples]
22-Mar-2026 19:05:19.146 INFO [main] org.apache.catalina.startup.HostConfig.deployDirectory Deployment of web application directory [/workspaces/session/apache-tomcat-10.1.18/webapps/examples] has finished in [303] ms
22-Mar-2026 19:05:19.147 INFO [main] org.apache.catalina.startup.HostConfig.deployDirectory Deploying web application directory [/workspaces/session/apache-tomcat-10.1.18/webapps/manager]
22-Mar-2026 19:05:19.171 INFO [main] org.apache.catalina.startup.HostConfig.deployDirectory Deployment of web application directory [/workspaces/session/apache-tomcat-10.1.18/webapps/manager] has finished in [24] ms
22-Mar-2026 19:05:19.171 INFO [main] org.apache.catalina.startup.HostConfig.deployDirectory Deploying web application directory [/workspaces/session/apache-tomcat-10.1.18/webapps/host-manager]
22-Mar-2026 19:05:19.196 INFO [main] org.apache.catalina.startup.HostConfig.deployDirectory Deployment of web application directory [/workspaces/session/apache-tomcat-10.1.18/webapps/host-manager] has finished in [24] ms
22-Mar-2026 19:05:19.196 INFO [main] org.apache.catalina.startup.HostConfig.deployDirectory Deploying web application directory [/workspaces/session/apache-tomcat-10.1.18/webapps/bookstore]
22-Mar-2026 19:05:19.244 INFO [main] org.apache.catalina.startup.HostConfig.deployDirectory Deployment of web application directory [/workspaces/session/apache-tomcat-10.1.18/webapps/bookstore] has finished in [47] ms
22-Mar-2026 19:05:19.244 INFO [main] org.apache.catalina.startup.HostConfig.deployDirectory Deploying web application directory [/workspaces/session/apache-tomcat-10.1.18/webapps/ROOT]
22-Mar-2026 19:05:19.267 INFO [main] org.apache.catalina.startup.HostConfig.deployDirectory Deployment of web application directory [/workspaces/session/apache-tomcat-10.1.18/webapps/ROOT] has finished in [23] ms
22-Mar-2026 19:05:19.271 INFO [main] org.apache.coyote.AbstractProtocol.start Starting ProtocolHandler ["http-nio-8080"]
22-Mar-2026 19:05:19.319 INFO [main] org.apache.catalina.startup.Catalina.start Server startup in [1351] milliseconds
